08/12/2024 23:23:27 - main_files.decorator_func - INFO - Function open_json: args: (<main_files.json_manager.JsonManager object at 0x000002BA9C6F3910>,) kwargs: {'mode': 'r'}, result: <contextlib._GeneratorContextManager object at 0x000002BA9C649B90> executed successfully.
08/12/2024 23:23:27 - main_files.decorator_func - INFO - Function read: args: (<main_files.json_manager.JsonManager object at 0x000002BA9C6F3910>,) kwargs: {}, result: {} executed successfully.
08/12/2024 23:23:27 - main_files.decorator_func - INFO - Function open_json: args: (<main_files.json_manager.JsonManager object at 0x000002BA9C6F3910>,) kwargs: {'mode': 'w'}, result: <contextlib._GeneratorContextManager object at 0x000002BA9C13B990> executed successfully.
08/12/2024 23:23:27 - main_files.decorator_func - INFO - Function write: args: (<main_files.json_manager.JsonManager object at 0x000002BA9C6F3910>, {}) kwargs: {}, result: True executed successfully.
08/12/2024 23:23:27 - main_files.decorator_func - INFO - Function logout: args: (<main_files.auth.Auth object at 0x000002BA9C649B10>,) kwargs: {}, result: True executed successfully.
08/12/2024 23:23:29 - main_files.decorator_func - INFO - Function open_json: args: (<main_files.json_manager.JsonManager object at 0x000002BA9C6F3910>,) kwargs: {'mode': 'r'}, result: <contextlib._GeneratorContextManager object at 0x000002BA9C3B3490> executed successfully.
08/12/2024 23:23:29 - main_files.decorator_func - INFO - Function read: args: (<main_files.json_manager.JsonManager object at 0x000002BA9C6F3910>,) kwargs: {}, result: {} executed successfully.
08/12/2024 23:23:34 - main_files.decorator_func - INFO - Function login: args: (<main_files.auth.Auth object at 0x000002BA9C649B10>,) kwargs: {}, result: {'is_login': True, 'role': 'super_admin'} executed successfully.
08/12/2024 23:23:37 - main_files.decorator_func - INFO - Function open_json: args: (<main_files.json_manager.JsonManager object at 0x000002BA9C6F3910>,) kwargs: {'mode': 'r'}, result: <contextlib._GeneratorContextManager object at 0x000002BA9C70DC10> executed successfully.
08/12/2024 23:23:37 - main_files.decorator_func - INFO - Function read: args: (<main_files.json_manager.JsonManager object at 0x000002BA9C6F3910>,) kwargs: {}, result: {} executed successfully.
08/12/2024 23:23:37 - main_files.decorator_func - INFO - Function show_all_admins: args: (<role.super_admin.super_admin.SuperAdmin object at 0x000002BA9C3B3490>,) kwargs: {}, result: False executed successfully.
08/12/2024 23:23:37 - main_files.decorator_func - INFO - Function update_admin: args: (<role.super_admin.super_admin.SuperAdmin object at 0x000002BA9C3B3490>,) kwargs: {}, result: False executed successfully.
08/12/2024 23:23:51 - main_files.decorator_func - INFO - Function open_json: args: (<main_files.json_manager.JsonManager object at 0x000002BA9C6F3910>,) kwargs: {'mode': 'r'}, result: <contextlib._GeneratorContextManager object at 0x000002BA9C70DE50> executed successfully.
08/12/2024 23:23:51 - main_files.decorator_func - INFO - Function read: args: (<main_files.json_manager.JsonManager object at 0x000002BA9C6F3910>,) kwargs: {}, result: {} executed successfully.
08/12/2024 23:23:51 - main_files.decorator_func - INFO - Function check_username: args: (<main_files.json_manager.JsonManager object at 0x000002BA9C6F3910>,) kwargs: {'username': 'asadbek_admin'}, result: False executed successfully.
08/12/2024 23:23:55 - main_files.decorator_func - INFO - Function open_json: args: (<main_files.json_manager.JsonManager object at 0x000002BA9C6F3910>,) kwargs: {'mode': 'r'}, result: <contextlib._GeneratorContextManager object at 0x000002BA9C70DFD0> executed successfully.
08/12/2024 23:23:55 - main_files.decorator_func - INFO - Function read: args: (<main_files.json_manager.JsonManager object at 0x000002BA9C6F3910>,) kwargs: {}, result: {} executed successfully.
08/12/2024 23:23:55 - main_files.decorator_func - INFO - Function random_id: args: (<main_files.json_manager.JsonManager object at 0x000002BA9C6F3910>,) kwargs: {}, result: 2807 executed successfully.
08/12/2024 23:23:55 - main_files.decorator_func - INFO - Function open_json: args: (<main_files.json_manager.JsonManager object at 0x000002BA9C6F3910>,) kwargs: {'mode': 'r'}, result: <contextlib._GeneratorContextManager object at 0x000002BA9C70E0D0> executed successfully.
08/12/2024 23:23:55 - main_files.decorator_func - INFO - Function add_new_admin: args: (<role.super_admin.super_admin.SuperAdmin object at 0x000002BA9C70DE10>,) kwargs: {}, result: True executed successfully.
08/12/2024 23:23:55 - main_files.decorator_func - INFO - Function read: args: (<main_files.json_manager.JsonManager object at 0x000002BA9C6F3910>,) kwargs: {}, result: {} executed successfully.
08/12/2024 23:23:55 - main_files.decorator_func - INFO - Function append_data: args: (<main_files.json_manager.JsonManager object at 0x000002BA9C6F3910>, {'2807': {'id': 2807, 'username': 'asadbek_admin', 'full_name': "A'lamov Asadbek", 'password': '0ffe1abd1a08215353c233d6e009613e95eec4253832a761af28ff37ac5a150c', 'role': 'admin', 'create_date': '2024-08-12 23:23:37', 'is_login': False}}) kwargs: {}, result: False executed successfully.
